[debug] [2022-01-01T03:15:54.961Z] ----------------------------------------------------------------------
[debug] [2022-01-01T03:15:54.964Z] Command:       C:\Program Files\nodejs\node.exe C:\Users\amortimer.SEHSLT-47-21\AppData\Roaming\npm\node_modules\firebase-tools\lib\bin\firebase.js init
[debug] [2022-01-01T03:15:54.964Z] CLI Version:   10.0.1
[debug] [2022-01-01T03:15:54.964Z] Platform:      win32
[debug] [2022-01-01T03:15:54.964Z] Node Version:  v16.13.1
[debug] [2022-01-01T03:15:54.965Z] Time:          Fri Dec 31 2021 22:15:54 GMT-0500 (Eastern Standard Time)
[debug] [2022-01-01T03:15:54.965Z] ----------------------------------------------------------------------
[debug] 
[debug] [2022-01-01T03:15:54.971Z] > command requires scopes: ["email","openid","https://www.googleapis.com/auth/cloudplatformprojects.readonly","https://www.googleapis.com/auth/firebase","https://www.googleapis.com/auth/cloud-platform"]
[debug] [2022-01-01T03:15:54.971Z] > authorizing via signed-in user (agmortimer20@gmail.com)
[info] 
     ######## #### ########  ######## ########     ###     ######  ########
     ##        ##  ##     ## ##       ##     ##  ##   ##  ##       ##
     ######    ##  ########  ######   ########  #########  ######  ######
     ##        ##  ##    ##  ##       ##     ## ##     ##       ## ##
     ##       #### ##     ## ######## ########  ##     ##  ######  ########

You're about to initialize a Firebase project in this directory:

  C:\Users\amortimer.SEHSLT-47-21\source\repos\sehs-dev

[info] 
=== Project Setup
[info] 
[info] First, let's associate this project directory with a Firebase project.
[info] You can create multiple project aliases by running firebase use --add, 
[info] but for now we'll just set up a default project.
[info] 
[debug] [2022-01-01T03:16:08.108Z] >>> [apiv2][query] GET https://firebase.googleapis.com/v1beta1/projects pageSize=100
[debug] [2022-01-01T03:16:08.461Z] <<< [apiv2][status] GET https://firebase.googleapis.com/v1beta1/projects 200
[debug] [2022-01-01T03:16:08.461Z] <<< [apiv2][body] GET https://firebase.googleapis.com/v1beta1/projects [omitted]
[info] i  Using project sehs-dev-1be50 (sehs-dev) 
[info] 
=== Hosting Setup
[info] 
[info] Your public directory is the folder (relative to your project directory) that
[info] will contain Hosting assets to be uploaded with firebase deploy. If you
[info] have a build process for your assets, use your build's output directory.
[info] 
